<?xml version="1.0" encoding="UTF-8"?>
<!-- Generated by org.testng.reporters.JUnitReportReporter -->
<testsuite skipped="1" hostname="LAPTOP-UCKVVCIT" name="com.project.SuiteA.LoginTest" tests="2" failures="0" timestamp="08 Jun 2020 10:37:35 GMT" time="14.831" errors="0">
  <testcase name="loginTest" time="0.003" classname="com.project.SuiteA.LoginTest">
    <skipped/>
  </testcase> <!-- loginTest -->
  <testcase name="loginTest" time="14.828" classname="com.project.SuiteA.LoginTest"/>
</testsuite> <!-- com.project.SuiteA.LoginTest -->
