<?xml version="1.0" encoding="UTF-8"?>
<!-- Generated by org.testng.reporters.JUnitReportReporter -->
<testsuite skipped="0" hostname="LAPTOP-UCKVVCIT" name="com.project.SuiteA.TC_001" tests="1" failures="0" timestamp="26 May 2020 17:45:27 GMT" time="0.013" errors="0">
  <testcase name="test" time="0.013" classname="com.project.SuiteA.TC_001"/>
</testsuite> <!-- com.project.SuiteA.TC_001 -->
