<?xml version="1.0" encoding="UTF-8"?>
<!-- Generated by org.testng.reporters.JUnitReportReporter -->
<testsuite skipped="0" hostname="LAPTOP-UCKVVCIT" name="Selenium.NewTest_001" tests="1" failures="0" timestamp="26 Apr 2020 10:02:57 GMT" time="14.952" errors="0">
  <testcase name="amazon" time="14.952" classname="Selenium.NewTest_001"/>
</testsuite> <!-- Selenium.NewTest_001 -->
