<?xml version="1.0" encoding="UTF-8"?>
<!-- Generated by org.testng.reporters.JUnitReportReporter -->
<testsuite skipped="0" hostname="LAPTOP-UCKVVCIT" name="com.TestNG.TC_001" tests="1" failures="0" timestamp="26 Apr 2020 10:13:11 GMT" time="14.373" errors="0">
  <testcase name="amazon" time="14.373" classname="com.TestNG.TC_001"/>
</testsuite> <!-- com.TestNG.TC_001 -->
