<?xml version="1.0" encoding="UTF-8"?>
<!-- Generated by org.testng.reporters.JUnitReportReporter -->
<testsuite skipped="0" hostname="LAPTOP-UCKVVCIT" name="com.TestNG.Sample2" tests="1" failures="0" timestamp="26 Apr 2020 10:13:11 GMT" time="0.006" errors="0">
  <testcase name="f" time="0.006" classname="com.TestNG.Sample2"/>
</testsuite> <!-- com.TestNG.Sample2 -->
