<?xml version="1.0" encoding="UTF-8"?>
<!-- Generated by org.testng.reporters.JUnitReportReporter -->
<testsuite skipped="0" hostname="LAPTOP-UCKVVCIT" name="Spicejet.Jet" tests="1" failures="0" timestamp="11 May 2020 08:11:02 GMT" time="44.607" errors="0">
  <testcase name="spiceJet" time="44.607" classname="Spicejet.Jet"/>
</testsuite> <!-- Spicejet.Jet -->
