<?xml version="1.0" encoding="UTF-8"?>
<!-- Generated by org.testng.reporters.JUnitReportReporter -->
<testsuite skipped="0" hostname="LAPTOP-UCKVVCIT" name="Alerts.JavaAlerts" tests="1" failures="0" timestamp="06 May 2020 07:13:00 GMT" time="13.142" errors="0">
  <testcase name="f" time="13.142" classname="Alerts.JavaAlerts"/>
</testsuite> <!-- Alerts.JavaAlerts -->
