<?xml version="1.0" encoding="UTF-8"?>
<!-- Generated by org.testng.reporters.JUnitReportReporter -->
<testsuite skipped="0" hostname="LAPTOP-UCKVVCIT" name="suiteA.TestA2" tests="1" failures="0" timestamp="26 Apr 2020 08:03:44 GMT" time="2.021" errors="0">
  <testcase name="f" time="2.021" classname="suiteA.TestA2"/>
</testsuite> <!-- suiteA.TestA2 -->
