<?xml version="1.0" encoding="UTF-8"?>
<!-- Generated by org.testng.reporters.JUnitReportReporter -->
<testsuite skipped="0" hostname="LAPTOP-UCKVVCIT" name="DataDriven.TestA" tests="2" failures="0" timestamp="27 Apr 2020 06:59:39 GMT" time="0.029" errors="0">
  <testcase name="testA" time="0.004" classname="DataDriven.TestA"/>
  <testcase name="testA" time="0.025" classname="DataDriven.TestA"/>
</testsuite> <!-- DataDriven.TestA -->
