<?xml version="1.0" encoding="UTF-8"?>
<!-- Generated by org.testng.reporters.JUnitReportReporter -->
<testsuite skipped="1" hostname="LAPTOP-UCKVVCIT" name="com.global.covid19.TestNG_002" tests="3" failures="0" timestamp="18 Apr 2020 06:27:50 GMT" time="0.009" errors="0">
  <testcase name="f" time="0.003" classname="com.global.covid19.TestNG_002"/>
  <testcase name="z" time="0.006" classname="com.global.covid19.TestNG_002"/>
  <testcase name="d" classname="com.global.covid19.TestNG_002">
    <skipped/>
  </testcase> <!-- d -->
</testsuite> <!-- com.global.covid19.TestNG_002 -->
