<?xml version="1.0" encoding="UTF-8"?>
<!-- Generated by org.testng.reporters.JUnitReportReporter -->
<testsuite skipped="0" hostname="LAPTOP-UCKVVCIT" name="pageobjectmodel.CustomerRegisterationTest" tests="1" failures="0" timestamp="05 May 2020 06:20:45 GMT" time="37.084" errors="0">
  <testcase name="f" time="37.084" classname="pageobjectmodel.CustomerRegisterationTest"/>
</testsuite> <!-- pageobjectmodel.CustomerRegisterationTest -->
