<?xml version="1.0" encoding="UTF-8"?>
<!-- Generated by org.testng.reporters.JUnitReportReporter -->
<testsuite skipped="0" hostname="LAPTOP-UCKVVCIT" name="DataDriven.TC_003" tests="1" failures="0" timestamp="27 Apr 2020 07:02:38 GMT" time="0.017" errors="0">
  <testcase name="f" time="0.017" classname="DataDriven.TC_003"/>
</testsuite> <!-- DataDriven.TC_003 -->
