<?xml version="1.0" encoding="UTF-8"?>
<!-- Generated by org.testng.reporters.JUnitReportReporter -->
<testsuite skipped="0" hostname="LAPTOP-UCKVVCIT" name="com.global.covid19.TestNG_001" tests="1" failures="0" timestamp="12 Apr 2020 10:13:45 GMT" time="0.005" errors="0">
  <testcase name="f" time="0.005" classname="com.global.covid19.TestNG_001"/>
</testsuite> <!-- com.global.covid19.TestNG_001 -->
