<?xml version="1.0" encoding="UTF-8"?>
<!-- Generated by org.testng.reporters.JUnitReportReporter -->
<testsuite skipped="6" hostname="LAPTOP-UCKVVCIT" name="Actions.MixedActionsTest" tests="7" failures="0" timestamp="17 May 2020 07:06:12 GMT" time="30.033" errors="0">
  <testcase name="dragAndDrop" time="30.033" classname="Actions.MixedActionsTest"/>
  <testcase name="rightClick" classname="Actions.MixedActionsTest">
    <skipped/>
  </testcase> <!-- rightClick -->
  <testcase name="slider" classname="Actions.MixedActionsTest">
    <skipped/>
  </testcase> <!-- slider -->
  <testcase name="scrollBar" classname="Actions.MixedActionsTest">
    <skipped/>
  </testcase> <!-- scrollBar -->
  <testcase name="resizable" classname="Actions.MixedActionsTest">
    <skipped/>
  </testcase> <!-- resizable -->
  <testcase name="moveToElement" classname="Actions.MixedActionsTest">
    <skipped/>
  </testcase> <!-- moveToElement -->
  <testcase name="autoSugestion" classname="Actions.MixedActionsTest">
    <skipped/>
  </testcase> <!-- autoSugestion -->
</testsuite> <!-- Actions.MixedActionsTest -->
