<?xml version="1.0" encoding="UTF-8"?>
<!-- Generated by org.testng.reporters.JUnitReportReporter -->
<testsuite skipped="2" hostname="LAPTOP-UCKVVCIT" name="com.global.covid19.TestDependency" tests="4" failures="0" timestamp="14 Apr 2020 04:17:52 GMT" time="0.022" errors="0">
  <testcase name="a" time="0.019" classname="com.global.covid19.TestDependency"/>
  <testcase name="b" time="0.001" classname="com.global.covid19.TestDependency"/>
  <testcase name="c" time="0.002" classname="com.global.covid19.TestDependency">
    <skipped/>
  </testcase> <!-- c -->
  <testcase name="d" time="0.000" classname="com.global.covid19.TestDependency">
    <skipped/>
  </testcase> <!-- d -->
</testsuite> <!-- com.global.covid19.TestDependency -->
