<?xml version="1.0" encoding="UTF-8"?>
<!-- Generated by org.testng.reporters.JUnitReportReporter -->
<testsuite skipped="0" hostname="LAPTOP-UCKVVCIT" name="pageobjectmodel.LoginTest" tests="1" failures="0" timestamp="04 May 2020 14:49:05 GMT" time="27.251" errors="0">
  <testcase name="f" time="27.251" classname="pageobjectmodel.LoginTest"/>
</testsuite> <!-- pageobjectmodel.LoginTest -->
