<?xml version="1.0" encoding="UTF-8"?>
<!-- Generated by org.testng.reporters.JUnitReportReporter -->
<testsuite skipped="0" hostname="LAPTOP-UCKVVCIT" name="DataDriven.NewTest" tests="2" failures="0" timestamp="26 Apr 2020 16:46:07 GMT" time="0.028" errors="0">
  <testcase name="f" time="0.012" classname="DataDriven.NewTest"/>
  <testcase name="f" time="0.016" classname="DataDriven.NewTest"/>
</testsuite> <!-- DataDriven.NewTest -->
