<?xml version="1.0" encoding="UTF-8"?>
<!-- Generated by org.testng.reporters.JUnitReportReporter -->
<testsuite skipped="0" hostname="LAPTOP-UCKVVCIT" name="com.global.covid19.LinkTesting" tests="1" failures="0" timestamp="14 Apr 2020 15:48:32 GMT" time="15.182" errors="0">
  <testcase name="linktesting1" time="15.182" classname="com.global.covid19.LinkTesting"/>
</testsuite> <!-- com.global.covid19.LinkTesting -->
