<?xml version="1.0" encoding="UTF-8"?>
<!-- Generated by org.testng.reporters.JUnitReportReporter -->
<testsuite skipped="0" hostname="LAPTOP-UCKVVCIT" name="suiteB.TestB1" tests="1" failures="0" timestamp="14 Apr 2020 04:21:37 GMT" time="2.014" errors="0">
  <testcase name="f" time="2.014" classname="suiteB.TestB1"/>
</testsuite> <!-- suiteB.TestB1 -->
